PS D:\Projects\Debridge\debridge-contracts-v1>  npx hardhat deploy --tags 17_upgrade_batchclaimer --network kovan
Nothing to compile
No need to generate any newer typings.
3. Upgrade CallProxy

*** Upgrading proxy for Claimer ***
        Address:  0xb1EB9869c8f3b50A98d960A5512D2BF0fAA56C32
        Signer:  0xB485C8ba37A258B57d3ef24E51178A6b307C96EB
        Current implementation address: 0x4674225DE00C82005eAF77a29f3B5584b4CB8D5A
        Current implementation version: 101
Waiting 1 block confirmations for tx 0x5241acaf995ed34406de2ecc676611117e5d96004d01b7101ce039e3a69d8432 ...
        Proxy successfully upgraded!
        New implementation address: 0x60171A30Af3BDEa211c3C2c47Dc70B892a99c431
        New implementation version: 110
PS D:\Projects\Debridge\debridge-contracts-v1>  npx hardhat deploy --tags 17_upgrade_batchclaimer --network bsctest
Nothing to compile
No need to generate any newer typings.
3. Upgrade CallProxy
*** Upgrading proxy for Claimer ***
        Address:  0xb1EB9869c8f3b50A98d960A5512D2BF0fAA56C32
        Signer:  0xB485C8ba37A258B57d3ef24E51178A6b307C96EB
        Current implementation address: 0x4674225DE00C82005eAF77a29f3B5584b4CB8D5A
        Current implementation version: 101
Waiting 1 block confirmations for tx 0xbdc4c1cd7528c5b61cc2d22afd09177979081dbf58822ab17ec837063003d57b ...
        Proxy successfully upgraded!
        New implementation address: 0x1Bf8d2c5467e4a41BF7b4B7F7579D16BcFEb131F
        New implementation version: 110
PS D:\Projects\Debridge\debridge-contracts-v1>  npx hardhat deploy --tags 17_upgrade_batchclaimer --network hecotest
Nothing to compile
No need to generate any newer typings.
3. Upgrade CallProxy
*** Upgrading proxy for Claimer ***
        Address:  0xb1EB9869c8f3b50A98d960A5512D2BF0fAA56C32
        Signer:  0xB485C8ba37A258B57d3ef24E51178A6b307C96EB
        Current implementation address: 0x4674225DE00C82005eAF77a29f3B5584b4CB8D5A
        Current implementation version: 101
Waiting 1 block confirmations for tx 0x49946afdf7807e3f1ee888ecfb1a5c29bb649a922171c0bc91204f1fc75fbdbd ...
        Proxy successfully upgraded!
        New implementation address: 0x8247B37A30659264e425167dcE5F591ebAEabfd0
        New implementation version: 110
PS D:\Projects\Debridge\debridge-contracts-v1>  npx hardhat deploy --tags 17_upgrade_batchclaimer --network arethtest
Nothing to compile
No need to generate any newer typings.
3. Upgrade CallProxy

*** Upgrading proxy for Claimer ***
        Address:  0xb1EB9869c8f3b50A98d960A5512D2BF0fAA56C32
        Signer:  0xB485C8ba37A258B57d3ef24E51178A6b307C96EB
        Current implementation address: 0x4674225DE00C82005eAF77a29f3B5584b4CB8D5A
        Current implementation version: 101
Waiting 1 block confirmations for tx 0x46e6f7d2551f3e2412b5c55b487368fefdca33a990de634dcf1e3f43e8276a97 ...
        Proxy successfully upgraded!
        New implementation address: 0x741CE8471fa2b7b60637171F4a23E99fD5319f59
        New implementation version: 110


PS D:\Projects\Debridge\debridge-contracts-v1>  npx hardhat deploy --tags 17_upgrade_batchclaimer --network mumbai
Nothing to compile
No need to generate any newer typings.
3. Upgrade CallProxy

*** Upgrading proxy for Claimer ***
        Address:  0x4674225DE00C82005eAF77a29f3B5584b4CB8D5A
        Signer:  0xB485C8ba37A258B57d3ef24E51178A6b307C96EB
        Current implementation address: 0x6228F247cE4d3f8c543b6F106a27ac9AaEC5E30a
        Current implementation version: 101
Waiting 1 block confirmations for tx 0x2402b587b6568a9511853b257e5b32d8b6ac76b69e8255719a2a1a5b0d5e13d0 ...
        Proxy successfully upgraded!
        New implementation address: 0x741CE8471fa2b7b60637171F4a23E99fD5319f59
        New implementation version: 110
PS D:\Projects\Debridge\debridge-contracts-v1>